
ROM used:   490/8192 (6%)
            490/8192 (6%) including unused fragments

            0.5 Average locations per line
            4.9 Average locations per statement

RAM used:   5/368 (1%) at main() level
            19/368 (5%) worst case

Stack used: 4 worst case (4 in main + 0 for interrupts)
Stack size: 8

Lines Stmts  %   Files
----- ----- ---  -----
   18     7   7  main.c
   13     0   0  main.h
  672     0   0  ..\..\..\..\..\..\Program Files (x86)\PICC\Devices\16F877A.h
  251    94  93  ..\..\..\..\..\..\Program Files (x86)\PICC\Drivers\lcd.h
----- -----
  954   101 Total

Page ROM  %  RAM    Vol Diff  Functions:
---- --- --- ---    --- ----  ----------
0     20   4    1             @delay_ms1
0      8   2    0     50  1.8  @const642
0     58  12    2    594  4.3  lcd_init
 Inline         3    620  3.8  lcd_read_byte
0     49  10    2    204  3.2  lcd_read_nibble
0     87  18    3    313  3.4  lcd_send_byte
0     48  10    1    336  1.9  lcd_send_nibble
0     35   7    4    335  5.5  lcd_gotoxy
0     36   7    1    272  4.1  lcd_putc
0     10   2    0     47  1.5  lcd_clear
0     44   9    0    141  2.0  MAIN
0      3   1    0             @const654
0     88  18    4             @PSTRINGC7_637
 Inline         0             @cinit1

Program metrics:
    Functions               10
    Statements              101
    Comments                258
    Volume (V)              4624
    Difficulty (D)          31.7
    Effort to implement (E) 146710
    Time to implement (T)   2 hours, 16 minutes
    Est Delivered Bugs (B)  1
    Cyclomatic Complexity   10
    Maintainability (MI)    151

 Segment     Used  Free
-----------  ----  ----
00000-00003     4  0  
00004-007FF   486  1558  
00800-00FFF     0  2048  
01000-017FF     0  2048  
01800-01FFF     0  2048  



